[INFO] Scanning for projects...
[INFO]                                                                         
[INFO] ------------------------------------------------------------------------
[INFO] Building SimpleOptimizerV3_exec 0.1.0-SNAPSHOT
[INFO] ------------------------------------------------------------------------
Downloading: http://cpswtng_archiva:8080/repository/internal/org/cpswt/fedmanager-host/0.6.0-SNAPSHOT/maven-metadata.xml
[WARNING] Could not transfer metadata org.cpswt:fedmanager-host:0.6.0-SNAPSHOT/maven-metadata.xml from/to archiva.internal (http://cpswtng_archiva:8080/repository/internal/): Connect to cpswtng_archiva:8080 [cpswtng_archiva/127.0.0.1] failed: Connection refused (Connection refused)
[WARNING] Failure to transfer org.cpswt:fedmanager-host:0.6.0-SNAPSHOT/maven-metadata.xml from http://cpswtng_archiva:8080/repository/internal/ was cached in the local repository, resolution will not be reattempted until the update interval of archiva.internal has elapsed or updates are forced. Original error: Could not transfer metadata org.cpswt:fedmanager-host:0.6.0-SNAPSHOT/maven-metadata.xml from/to archiva.internal (http://cpswtng_archiva:8080/repository/internal/): Connect to cpswtng_archiva:8080 [cpswtng_archiva/127.0.0.1] failed: Connection refused (Connection refused)
Downloading: http://cpswtng_archiva:8080/repository/internal/org/cpswt/cpswt-core/0.6.0-SNAPSHOT/maven-metadata.xml
[WARNING] Could not transfer metadata org.cpswt:cpswt-core:0.6.0-SNAPSHOT/maven-metadata.xml from/to archiva.internal (http://cpswtng_archiva:8080/repository/internal/): Connect to cpswtng_archiva:8080 [cpswtng_archiva/127.0.0.1] failed: Connection refused (Connection refused)
[INFO] 
[INFO] --- exec-maven-plugin:1.5.0:java (default-cli) @ SimpleOptimizerV3_exec ---
00:55:13.974 [org.cpswt.host.FederationManagerHostApp.main()] INFO  org.cpswt.hla.FederationManager - No COA definitions were provided!
00:55:13.978 [org.cpswt.host.FederationManagerHostApp.main()] INFO  org.cpswt.hla.FederationManager - No COA selections were provided!
00:55:13.979 [org.cpswt.host.FederationManagerHostApp.main()] INFO  org.cpswt.hla.FederationManager - No specific COA-selection was specified for execution!
00:55:13.980 [org.cpswt.host.FederationManagerHostApp.main()] INFO  org.cpswt.hla.FederationManager - No COAs are used in this experiment.

-------------------------------------------------------------------
GMS: address=vagrant-53177, cluster=SimpleOptimizerV31, physical address=172.16.119.10:49239
-------------------------------------------------------------------
00:55:23.795 [org.cpswt.host.FederationManagerHostApp.main()] INFO  org.cpswt.host.FederationManagerHostApp - Server online at 0.0.0.0:8083 ...
00:55:47.613 [Thread-3] INFO  org.cpswt.hla.FederationManager - Current_time = 0.0 and step = 1.0 and requested_time = 1.0
WARN  [VERIFY_SUSPECT.TimerThread,SimpleOptimizerV31,vagrant-53177] portico.lrc.jgroups: Detected that federate [SimpleController-5b473b53-bd69-4c64-b5a3-8b08f83eecba] may have crashed, investigating...
WARN  [Regular] portico.lrc.jgroups: Federate [SimpleController-5b473b53-bd69-4c64-b5a3-8b08f83eecba] has crashed. Sending fake resignation because it was too rude to.
WARN  [VERIFY_SUSPECT.TimerThread,SimpleOptimizerV31,vagrant-53177] portico.lrc.jgroups: Detected that federate [RCModel-d276392f-42ed-4871-bcf3-b5b267b031a9] may have crashed, investigating...
WARN  [Regular] portico.lrc.jgroups: Federate [RCModel-d276392f-42ed-4871-bcf3-b5b267b031a9] has crashed. Sending fake resignation because it was too rude to.
WARN  [Regular] portico.lrc.jgroups: Unknown channel member crashed. Don't think it was a federate. Ignoring. uuid=e6493e50-7b87-49e2-9175-0d286c54413f
00:56:11.969 [Thread-3] INFO  org.cpswt.hla.FederationManager - Current_time = 1.0 and step = 1.0 and requested_time = 2.0
00:56:11.977 [Thread-3] INFO  org.cpswt.hla.FederationManager - Waiting for "RCModel-d276392f-42ed-4871-bcf3-b5b267b031a9" federate to resign ...
00:56:11.985 [Thread-3] INFO  org.cpswt.hla.FederationManager - Waiting for "ReadyToResign" ... 
00:56:12.244 [Thread-3] INFO  org.cpswt.hla.FederationManager - Done with resign
