[INFO] Scanning for projects...
[INFO]                                                                         
[INFO] ------------------------------------------------------------------------
[INFO] Building SimpleOptimizerV3_exec 0.1.0-SNAPSHOT
[INFO] ------------------------------------------------------------------------
[INFO] 
[INFO] --- exec-maven-plugin:1.5.0:java (default-cli) @ SimpleOptimizerV3_exec ---

-------------------------------------------------------------------
GMS: address=vagrant-56752, cluster=SimpleOptimizerV31, physical address=172.16.119.10:34104
-------------------------------------------------------------------
00:26:08.687 [org.webgme.guest.rcmodel.RCModel.main()] INFO  org.webgme.guest.rcmodel.RCModel - waiting on readyToPopulate...
00:26:18.660 [org.webgme.guest.rcmodel.RCModel.main()] INFO  org.webgme.guest.rcmodel.RCModel - ...synchronized on readyToPopulate
00:26:18.661 [org.webgme.guest.rcmodel.RCModel.main()] INFO  org.webgme.guest.rcmodel.RCModel - waiting on readyToRun...
00:26:18.913 [org.webgme.guest.rcmodel.RCModel.main()] INFO  org.webgme.guest.rcmodel.RCModel - ...synchronized on readyToRun
00:26:18.922 [org.webgme.guest.rcmodel.RCModel.main()] INFO  org.webgme.guest.rcmodel.RCModel - started logical time progression
00:26:18.925 [org.webgme.guest.rcmodel.RCModel.main()] INFO  org.webgme.guest.rcmodel.RCModel - Sent receiveModel interaction with 6,1
00:26:18.927 [org.webgme.guest.rcmodel.RCModel.main()] INFO  org.webgme.guest.rcmodel.RCModel - waiting to receive SimTime...
00:26:19.928 [org.webgme.guest.rcmodel.RCModel.main()] INFO  org.webgme.guest.rcmodel.RCModel - waiting to receive SimTime...
holder received as: 7
vars[0]=7
0.0
00:26:19.951 [org.webgme.guest.rcmodel.RCModel.main()] INFO  org.webgme.guest.rcmodel.RCModel - Sent receiveModel interaction with 9,1
00:26:19.952 [org.webgme.guest.rcmodel.RCModel.main()] INFO  org.webgme.guest.rcmodel.RCModel - waiting to receive SimTime...
00:26:20.956 [org.webgme.guest.rcmodel.RCModel.main()] INFO  org.webgme.guest.rcmodel.RCModel - waiting to receive SimTime...
holder received as: 10
vars[0]=10
1.0
00:26:20.973 [org.webgme.guest.rcmodel.RCModel.main()] INFO  org.webgme.guest.rcmodel.RCModel - Sent receiveModel interaction with 6,8
00:26:20.974 [org.webgme.guest.rcmodel.RCModel.main()] INFO  org.webgme.guest.rcmodel.RCModel - waiting to receive SimTime...
00:26:21.977 [org.webgme.guest.rcmodel.RCModel.main()] INFO  org.webgme.guest.rcmodel.RCModel - waiting to receive SimTime...
holder received as: 14
vars[0]=14
2.0
00:26:21.994 [org.webgme.guest.rcmodel.RCModel.main()] INFO  org.webgme.guest.rcmodel.RCModel - Sent receiveModel interaction with 6,5
00:26:21.998 [org.webgme.guest.rcmodel.RCModel.main()] INFO  org.webgme.guest.rcmodel.RCModel - waiting to receive SimTime...
00:26:23.002 [org.webgme.guest.rcmodel.RCModel.main()] INFO  org.webgme.guest.rcmodel.RCModel - waiting to receive SimTime...
holder received as: 11
vars[0]=11
3.0
00:26:23.025 [org.webgme.guest.rcmodel.RCModel.main()] INFO  org.webgme.guest.rcmodel.RCModel - Sent receiveModel interaction with 2,6
00:26:23.028 [org.webgme.guest.rcmodel.RCModel.main()] INFO  org.webgme.guest.rcmodel.RCModel - waiting to receive SimTime...
00:26:24.031 [org.webgme.guest.rcmodel.RCModel.main()] INFO  org.webgme.guest.rcmodel.RCModel - waiting to receive SimTime...
holder received as: 8
vars[0]=8
4.0
00:26:24.050 [org.webgme.guest.rcmodel.RCModel.main()] INFO  org.webgme.guest.rcmodel.RCModel - Sent receiveModel interaction with 9,9
00:26:24.050 [org.webgme.guest.rcmodel.RCModel.main()] INFO  org.webgme.guest.rcmodel.RCModel - waiting to receive SimTime...
00:26:25.051 [org.webgme.guest.rcmodel.RCModel.main()] INFO  org.webgme.guest.rcmodel.RCModel - waiting to receive SimTime...
holder received as: 18
vars[0]=18
5.0
00:26:25.071 [org.webgme.guest.rcmodel.RCModel.main()] INFO  org.webgme.guest.rcmodel.RCModel - Sent receiveModel interaction with 4,0
00:26:25.072 [org.webgme.guest.rcmodel.RCModel.main()] INFO  org.webgme.guest.rcmodel.RCModel - waiting to receive SimTime...
00:26:26.075 [org.webgme.guest.rcmodel.RCModel.main()] INFO  org.webgme.guest.rcmodel.RCModel - waiting to receive SimTime...
holder received as: 4
vars[0]=4
6.0
00:26:26.099 [org.webgme.guest.rcmodel.RCModel.main()] INFO  org.webgme.guest.rcmodel.RCModel - Sent receiveModel interaction with 2,3
00:26:26.099 [org.webgme.guest.rcmodel.RCModel.main()] INFO  org.webgme.guest.rcmodel.RCModel - waiting to receive SimTime...
00:26:27.100 [org.webgme.guest.rcmodel.RCModel.main()] INFO  org.webgme.guest.rcmodel.RCModel - waiting to receive SimTime...
holder received as: 5
vars[0]=5
7.0
00:26:27.119 [org.webgme.guest.rcmodel.RCModel.main()] INFO  org.webgme.guest.rcmodel.RCModel - Sent receiveModel interaction with 3,0
00:26:27.120 [org.webgme.guest.rcmodel.RCModel.main()] INFO  org.webgme.guest.rcmodel.RCModel - waiting to receive SimTime...
00:26:28.122 [org.webgme.guest.rcmodel.RCModel.main()] INFO  org.webgme.guest.rcmodel.RCModel - waiting to receive SimTime...
holder received as: 3
vars[0]=3
8.0
00:26:28.138 [org.webgme.guest.rcmodel.RCModel.main()] INFO  org.webgme.guest.rcmodel.RCModel - Sent receiveModel interaction with 4,8
00:26:28.140 [org.webgme.guest.rcmodel.RCModel.main()] INFO  org.webgme.guest.rcmodel.RCModel - waiting to receive SimTime...
00:26:29.142 [org.webgme.guest.rcmodel.RCModel.main()] INFO  org.webgme.guest.rcmodel.RCModel - waiting to receive SimTime...
holder received as: 12
vars[0]=12
9.0
00:26:29.161 [org.webgme.guest.rcmodel.RCModel.main()] INFO  org.webgme.guest.rcmodel.RCModel - Sent receiveModel interaction with 0,7
00:26:29.161 [org.webgme.guest.rcmodel.RCModel.main()] INFO  org.webgme.guest.rcmodel.RCModel - waiting to receive SimTime...
00:26:30.163 [org.webgme.guest.rcmodel.RCModel.main()] INFO  org.webgme.guest.rcmodel.RCModel - waiting to receive SimTime...
holder received as: 7
vars[0]=7
10.0
00:26:30.182 [org.webgme.guest.rcmodel.RCModel.main()] INFO  org.webgme.guest.rcmodel.RCModel - Sent receiveModel interaction with 1,6
00:26:30.182 [org.webgme.guest.rcmodel.RCModel.main()] INFO  org.webgme.guest.rcmodel.RCModel - waiting to receive SimTime...
00:26:31.183 [org.webgme.guest.rcmodel.RCModel.main()] INFO  org.webgme.guest.rcmodel.RCModel - waiting to receive SimTime...
holder received as: 7
vars[0]=7
11.0
00:26:31.202 [org.webgme.guest.rcmodel.RCModel.main()] INFO  org.webgme.guest.rcmodel.RCModel - Sent receiveModel interaction with 6,6
00:26:31.204 [org.webgme.guest.rcmodel.RCModel.main()] INFO  org.webgme.guest.rcmodel.RCModel - waiting to receive SimTime...
00:26:32.208 [org.webgme.guest.rcmodel.RCModel.main()] INFO  org.webgme.guest.rcmodel.RCModel - waiting to receive SimTime...
holder received as: 12
vars[0]=12
12.0
00:26:32.227 [org.webgme.guest.rcmodel.RCModel.main()] INFO  org.webgme.guest.rcmodel.RCModel - Sent receiveModel interaction with 6,8
00:26:32.229 [org.webgme.guest.rcmodel.RCModel.main()] INFO  org.webgme.guest.rcmodel.RCModel - waiting to receive SimTime...
00:26:33.230 [org.webgme.guest.rcmodel.RCModel.main()] INFO  org.webgme.guest.rcmodel.RCModel - waiting to receive SimTime...
holder received as: 14
vars[0]=14
13.0
00:26:33.251 [org.webgme.guest.rcmodel.RCModel.main()] INFO  org.webgme.guest.rcmodel.RCModel - Sent receiveModel interaction with 6,1
00:26:33.253 [org.webgme.guest.rcmodel.RCModel.main()] INFO  org.webgme.guest.rcmodel.RCModel - waiting to receive SimTime...
00:26:34.256 [org.webgme.guest.rcmodel.RCModel.main()] INFO  org.webgme.guest.rcmodel.RCModel - waiting to receive SimTime...
holder received as: 7
vars[0]=7
14.0
00:26:34.276 [org.webgme.guest.rcmodel.RCModel.main()] INFO  org.webgme.guest.rcmodel.RCModel - Sent receiveModel interaction with 4,0
00:26:34.277 [org.webgme.guest.rcmodel.RCModel.main()] INFO  org.webgme.guest.rcmodel.RCModel - waiting to receive SimTime...
00:26:35.279 [org.webgme.guest.rcmodel.RCModel.main()] INFO  org.webgme.guest.rcmodel.RCModel - waiting to receive SimTime...
holder received as: 4
vars[0]=4
15.0
00:26:35.297 [org.webgme.guest.rcmodel.RCModel.main()] INFO  org.webgme.guest.rcmodel.RCModel - Sent receiveModel interaction with 4,2
00:26:35.297 [org.webgme.guest.rcmodel.RCModel.main()] INFO  org.webgme.guest.rcmodel.RCModel - waiting to receive SimTime...
00:26:36.299 [org.webgme.guest.rcmodel.RCModel.main()] INFO  org.webgme.guest.rcmodel.RCModel - waiting to receive SimTime...
holder received as: 6
vars[0]=6
16.0
00:26:36.317 [org.webgme.guest.rcmodel.RCModel.main()] INFO  org.webgme.guest.rcmodel.RCModel - Sent receiveModel interaction with 2,4
00:26:36.320 [org.webgme.guest.rcmodel.RCModel.main()] INFO  org.webgme.guest.rcmodel.RCModel - waiting to receive SimTime...
00:26:37.321 [org.webgme.guest.rcmodel.RCModel.main()] INFO  org.webgme.guest.rcmodel.RCModel - waiting to receive SimTime...
holder received as: 6
vars[0]=6
17.0
00:26:37.339 [org.webgme.guest.rcmodel.RCModel.main()] INFO  org.webgme.guest.rcmodel.RCModel - Sent receiveModel interaction with 3,1
00:26:37.340 [org.webgme.guest.rcmodel.RCModel.main()] INFO  org.webgme.guest.rcmodel.RCModel - waiting to receive SimTime...
00:26:38.342 [org.webgme.guest.rcmodel.RCModel.main()] INFO  org.webgme.guest.rcmodel.RCModel - waiting to receive SimTime...
holder received as: 4
vars[0]=4
18.0
00:26:38.367 [org.webgme.guest.rcmodel.RCModel.main()] INFO  org.webgme.guest.rcmodel.RCModel - Sent receiveModel interaction with 9,9
00:26:38.368 [org.webgme.guest.rcmodel.RCModel.main()] INFO  org.webgme.guest.rcmodel.RCModel - waiting to receive SimTime...
00:26:39.371 [org.webgme.guest.rcmodel.RCModel.main()] INFO  org.webgme.guest.rcmodel.RCModel - waiting to receive SimTime...
holder received as: 18
vars[0]=18
19.0
00:26:39.390 [org.webgme.guest.rcmodel.RCModel.main()] INFO  org.webgme.guest.rcmodel.RCModel - Sent receiveModel interaction with 9,2
00:26:39.391 [org.webgme.guest.rcmodel.RCModel.main()] INFO  org.webgme.guest.rcmodel.RCModel - waiting to receive SimTime...
00:26:40.393 [org.webgme.guest.rcmodel.RCModel.main()] INFO  org.webgme.guest.rcmodel.RCModel - waiting to receive SimTime...
holder received as: 11
vars[0]=11
20.0
00:26:40.412 [org.webgme.guest.rcmodel.RCModel.main()] INFO  org.webgme.guest.rcmodel.RCModel - Sent receiveModel interaction with 5,7
00:26:40.415 [org.webgme.guest.rcmodel.RCModel.main()] INFO  org.webgme.guest.rcmodel.RCModel - waiting to receive SimTime...
00:26:41.416 [org.webgme.guest.rcmodel.RCModel.main()] INFO  org.webgme.guest.rcmodel.RCModel - waiting to receive SimTime...
holder received as: 12
vars[0]=12
21.0
00:26:41.434 [org.webgme.guest.rcmodel.RCModel.main()] INFO  org.webgme.guest.rcmodel.RCModel - Sent receiveModel interaction with 3,0
00:26:41.435 [org.webgme.guest.rcmodel.RCModel.main()] INFO  org.webgme.guest.rcmodel.RCModel - waiting to receive SimTime...
00:26:42.436 [org.webgme.guest.rcmodel.RCModel.main()] INFO  org.webgme.guest.rcmodel.RCModel - waiting to receive SimTime...
holder received as: 3
vars[0]=3
22.0
WARN  [VERIFY_SUSPECT.TimerThread,SimpleOptimizerV31,vagrant-56752] portico.lrc.jgroups: Detected that federate [FederationManager-84ab6363-d30b-4d0e-958e-45379626b739] may have crashed, investigating...
WARN  [Regular] portico.lrc.jgroups: Federate [FederationManager-84ab6363-d30b-4d0e-958e-45379626b739] has crashed. Sending fake resignation because it was too rude to.
00:26:58.168 [org.webgme.guest.rcmodel.RCModel.main()] INFO  org.cpswt.hla.SynchronizedFederate - RCModel-42ec42ab-a23e-4c97-99dc-f0aa3a449290: SimEnd interaction received, exiting...
00:26:58.171 [org.webgme.guest.rcmodel.RCModel.main()] INFO  org.webgme.guest.rcmodel.RCModel - Sent receiveModel interaction with 1,1
00:26:58.172 [org.webgme.guest.rcmodel.RCModel.main()] INFO  org.webgme.guest.rcmodel.RCModel - waiting to receive SimTime...
00:26:59.177 [org.webgme.guest.rcmodel.RCModel.main()] INFO  org.webgme.guest.rcmodel.RCModel - waiting to receive SimTime...
00:27:00.186 [org.webgme.guest.rcmodel.RCModel.main()] INFO  org.webgme.guest.rcmodel.RCModel - waiting to receive SimTime...
00:27:01.195 [org.webgme.guest.rcmodel.RCModel.main()] INFO  org.webgme.guest.rcmodel.RCModel - waiting to receive SimTime...
00:27:02.205 [org.webgme.guest.rcmodel.RCModel.main()] INFO  org.webgme.guest.rcmodel.RCModel - waiting to receive SimTime...
00:27:03.212 [org.webgme.guest.rcmodel.RCModel.main()] INFO  org.webgme.guest.rcmodel.RCModel - waiting to receive SimTime...
00:27:04.220 [org.webgme.guest.rcmodel.RCModel.main()] INFO  org.webgme.guest.rcmodel.RCModel - waiting to receive SimTime...
00:27:05.228 [org.webgme.guest.rcmodel.RCModel.main()] INFO  org.webgme.guest.rcmodel.RCModel - waiting to receive SimTime...
00:27:06.237 [org.webgme.guest.rcmodel.RCModel.main()] INFO  org.webgme.guest.rcmodel.RCModel - waiting to receive SimTime...
00:27:07.247 [org.webgme.guest.rcmodel.RCModel.main()] INFO  org.webgme.guest.rcmodel.RCModel - waiting to receive SimTime...
00:27:08.254 [org.webgme.guest.rcmodel.RCModel.main()] INFO  org.webgme.guest.rcmodel.RCModel - waiting to receive SimTime...
00:27:09.262 [org.webgme.guest.rcmodel.RCModel.main()] INFO  org.webgme.guest.rcmodel.RCModel - waiting to receive SimTime...
00:27:10.268 [org.webgme.guest.rcmodel.RCModel.main()] INFO  org.webgme.guest.rcmodel.RCModel - waiting to receive SimTime...
00:27:11.273 [org.webgme.guest.rcmodel.RCModel.main()] INFO  org.webgme.guest.rcmodel.RCModel - waiting to receive SimTime...
00:27:12.283 [org.webgme.guest.rcmodel.RCModel.main()] INFO  org.webgme.guest.rcmodel.RCModel - waiting to receive SimTime...
00:27:13.290 [org.webgme.guest.rcmodel.RCModel.main()] INFO  org.webgme.guest.rcmodel.RCModel - waiting to receive SimTime...
00:27:14.298 [org.webgme.guest.rcmodel.RCModel.main()] INFO  org.webgme.guest.rcmodel.RCModel - waiting to receive SimTime...
00:27:15.304 [org.webgme.guest.rcmodel.RCModel.main()] INFO  org.webgme.guest.rcmodel.RCModel - waiting to receive SimTime...
00:27:16.310 [org.webgme.guest.rcmodel.RCModel.main()] INFO  org.webgme.guest.rcmodel.RCModel - waiting to receive SimTime...
00:27:17.317 [org.webgme.guest.rcmodel.RCModel.main()] INFO  org.webgme.guest.rcmodel.RCModel - waiting to receive SimTime...
00:27:18.325 [org.webgme.guest.rcmodel.RCModel.main()] INFO  org.webgme.guest.rcmodel.RCModel - waiting to receive SimTime...
00:27:19.331 [org.webgme.guest.rcmodel.RCModel.main()] INFO  org.webgme.guest.rcmodel.RCModel - waiting to receive SimTime...
00:27:20.346 [org.webgme.guest.rcmodel.RCModel.main()] INFO  org.webgme.guest.rcmodel.RCModel - waiting to receive SimTime...
00:27:21.352 [org.webgme.guest.rcmodel.RCModel.main()] INFO  org.webgme.guest.rcmodel.RCModel - waiting to receive SimTime...
00:27:22.364 [org.webgme.guest.rcmodel.RCModel.main()] INFO  org.webgme.guest.rcmodel.RCModel - waiting to receive SimTime...
00:27:23.371 [org.webgme.guest.rcmodel.RCModel.main()] INFO  org.webgme.guest.rcmodel.RCModel - waiting to receive SimTime...
00:27:24.378 [org.webgme.guest.rcmodel.RCModel.main()] INFO  org.webgme.guest.rcmodel.RCModel - waiting to receive SimTime...
00:27:25.384 [org.webgme.guest.rcmodel.RCModel.main()] INFO  org.webgme.guest.rcmodel.RCModel - waiting to receive SimTime...
