[INFO] Scanning for projects...
[INFO]                                                                         
[INFO] ------------------------------------------------------------------------
[INFO] Building SimpleOptimizerV3_exec 0.1.0-SNAPSHOT
[INFO] ------------------------------------------------------------------------
[INFO] 
[INFO] --- exec-maven-plugin:1.5.0:java (default-cli) @ SimpleOptimizerV3_exec ---

-------------------------------------------------------------------
GMS: address=vagrant-43072, cluster=SimpleOptimizerV31, physical address=172.16.119.10:52079
-------------------------------------------------------------------
00:55:36.642 [org.webgme.guest.rcmodel.RCModel.main()] INFO  org.webgme.guest.rcmodel.RCModel - waiting on readyToPopulate...
00:55:47.146 [org.webgme.guest.rcmodel.RCModel.main()] INFO  org.webgme.guest.rcmodel.RCModel - ...synchronized on readyToPopulate
00:55:47.147 [org.webgme.guest.rcmodel.RCModel.main()] INFO  org.webgme.guest.rcmodel.RCModel - waiting on readyToRun...
00:55:47.400 [org.webgme.guest.rcmodel.RCModel.main()] INFO  org.webgme.guest.rcmodel.RCModel - ...synchronized on readyToRun
00:55:47.404 [org.webgme.guest.rcmodel.RCModel.main()] INFO  org.webgme.guest.rcmodel.RCModel - started logical time progression
00:55:47.410 [org.webgme.guest.rcmodel.RCModel.main()] INFO  org.webgme.guest.rcmodel.RCModel - Sent receiveModel interaction with 20.0
00:55:47.413 [org.webgme.guest.rcmodel.RCModel.main()] INFO  org.webgme.guest.rcmodel.RCModel - waiting to receive SimTime...
00:55:48.415 [org.webgme.guest.rcmodel.RCModel.main()] INFO  org.webgme.guest.rcmodel.RCModel - waiting to receive SimTime...
00:55:49.417 [org.webgme.guest.rcmodel.RCModel.main()] INFO  org.webgme.guest.rcmodel.RCModel - waiting to receive SimTime...
00:55:50.424 [org.webgme.guest.rcmodel.RCModel.main()] INFO  org.webgme.guest.rcmodel.RCModel - waiting to receive SimTime...
00:55:51.436 [org.webgme.guest.rcmodel.RCModel.main()] INFO  org.webgme.guest.rcmodel.RCModel - waiting to receive SimTime...
00:55:52.447 [org.webgme.guest.rcmodel.RCModel.main()] INFO  org.webgme.guest.rcmodel.RCModel - waiting to receive SimTime...
00:55:53.454 [org.webgme.guest.rcmodel.RCModel.main()] INFO  org.webgme.guest.rcmodel.RCModel - waiting to receive SimTime...
00:55:54.463 [org.webgme.guest.rcmodel.RCModel.main()] INFO  org.webgme.guest.rcmodel.RCModel - waiting to receive SimTime...
00:55:55.472 [org.webgme.guest.rcmodel.RCModel.main()] INFO  org.webgme.guest.rcmodel.RCModel - waiting to receive SimTime...
00:55:56.479 [org.webgme.guest.rcmodel.RCModel.main()] INFO  org.webgme.guest.rcmodel.RCModel - waiting to receive SimTime...
00:55:57.487 [org.webgme.guest.rcmodel.RCModel.main()] INFO  org.webgme.guest.rcmodel.RCModel - waiting to receive SimTime...
00:55:58.495 [org.webgme.guest.rcmodel.RCModel.main()] INFO  org.webgme.guest.rcmodel.RCModel - waiting to receive SimTime...
00:55:59.504 [org.webgme.guest.rcmodel.RCModel.main()] INFO  org.webgme.guest.rcmodel.RCModel - waiting to receive SimTime...
00:56:00.515 [org.webgme.guest.rcmodel.RCModel.main()] INFO  org.webgme.guest.rcmodel.RCModel - waiting to receive SimTime...
00:56:01.522 [org.webgme.guest.rcmodel.RCModel.main()] INFO  org.webgme.guest.rcmodel.RCModel - waiting to receive SimTime...
