[INFO] Scanning for projects...
[INFO]                                                                         
[INFO] ------------------------------------------------------------------------
[INFO] Building SimpleOptimizerV3_exec 0.1.0-SNAPSHOT
[INFO] ------------------------------------------------------------------------
[INFO] 
[INFO] --- exec-maven-plugin:1.5.0:java (default-cli) @ SimpleOptimizerV3_exec ---

-------------------------------------------------------------------
GMS: address=vagrant-37105, cluster=SimpleOptimizerV31, physical address=172.16.119.10:49020
-------------------------------------------------------------------
00:23:19.321 [org.webgme.guest.rcmodel.RCModel.main()] INFO  org.webgme.guest.rcmodel.RCModel - waiting on readyToPopulate...
00:23:29.561 [org.webgme.guest.rcmodel.RCModel.main()] INFO  org.webgme.guest.rcmodel.RCModel - ...synchronized on readyToPopulate
00:23:29.562 [org.webgme.guest.rcmodel.RCModel.main()] INFO  org.webgme.guest.rcmodel.RCModel - waiting on readyToRun...
00:23:29.814 [org.webgme.guest.rcmodel.RCModel.main()] INFO  org.webgme.guest.rcmodel.RCModel - ...synchronized on readyToRun
00:23:29.816 [org.webgme.guest.rcmodel.RCModel.main()] INFO  org.webgme.guest.rcmodel.RCModel - started logical time progression
00:23:29.819 [org.webgme.guest.rcmodel.RCModel.main()] INFO  org.webgme.guest.rcmodel.RCModel - Sent receiveModel interaction with 3,2
00:23:29.820 [org.webgme.guest.rcmodel.RCModel.main()] INFO  org.webgme.guest.rcmodel.RCModel - waiting to receive SimTime...
00:23:30.821 [org.webgme.guest.rcmodel.RCModel.main()] INFO  org.webgme.guest.rcmodel.RCModel - waiting to receive SimTime...
00:23:31.823 [org.webgme.guest.rcmodel.RCModel.main()] INFO  org.webgme.guest.rcmodel.RCModel - waiting to receive SimTime...
00:23:32.830 [org.webgme.guest.rcmodel.RCModel.main()] INFO  org.webgme.guest.rcmodel.RCModel - waiting to receive SimTime...
00:23:33.836 [org.webgme.guest.rcmodel.RCModel.main()] INFO  org.webgme.guest.rcmodel.RCModel - waiting to receive SimTime...
00:23:34.846 [org.webgme.guest.rcmodel.RCModel.main()] INFO  org.webgme.guest.rcmodel.RCModel - waiting to receive SimTime...
00:23:35.853 [org.webgme.guest.rcmodel.RCModel.main()] INFO  org.webgme.guest.rcmodel.RCModel - waiting to receive SimTime...
00:23:36.861 [org.webgme.guest.rcmodel.RCModel.main()] INFO  org.webgme.guest.rcmodel.RCModel - waiting to receive SimTime...
00:23:37.869 [org.webgme.guest.rcmodel.RCModel.main()] INFO  org.webgme.guest.rcmodel.RCModel - waiting to receive SimTime...
00:23:38.874 [org.webgme.guest.rcmodel.RCModel.main()] INFO  org.webgme.guest.rcmodel.RCModel - waiting to receive SimTime...
00:23:39.881 [org.webgme.guest.rcmodel.RCModel.main()] INFO  org.webgme.guest.rcmodel.RCModel - waiting to receive SimTime...
00:23:40.889 [org.webgme.guest.rcmodel.RCModel.main()] INFO  org.webgme.guest.rcmodel.RCModel - waiting to receive SimTime...
00:23:41.896 [org.webgme.guest.rcmodel.RCModel.main()] INFO  org.webgme.guest.rcmodel.RCModel - waiting to receive SimTime...
00:23:42.903 [org.webgme.guest.rcmodel.RCModel.main()] INFO  org.webgme.guest.rcmodel.RCModel - waiting to receive SimTime...
00:23:43.910 [org.webgme.guest.rcmodel.RCModel.main()] INFO  org.webgme.guest.rcmodel.RCModel - waiting to receive SimTime...
00:23:44.917 [org.webgme.guest.rcmodel.RCModel.main()] INFO  org.webgme.guest.rcmodel.RCModel - waiting to receive SimTime...
00:23:45.927 [org.webgme.guest.rcmodel.RCModel.main()] INFO  org.webgme.guest.rcmodel.RCModel - waiting to receive SimTime...
00:23:46.937 [org.webgme.guest.rcmodel.RCModel.main()] INFO  org.webgme.guest.rcmodel.RCModel - waiting to receive SimTime...
00:23:47.944 [org.webgme.guest.rcmodel.RCModel.main()] INFO  org.webgme.guest.rcmodel.RCModel - waiting to receive SimTime...
00:23:48.950 [org.webgme.guest.rcmodel.RCModel.main()] INFO  org.webgme.guest.rcmodel.RCModel - waiting to receive SimTime...
00:23:49.958 [org.webgme.guest.rcmodel.RCModel.main()] INFO  org.webgme.guest.rcmodel.RCModel - waiting to receive SimTime...
00:23:50.964 [org.webgme.guest.rcmodel.RCModel.main()] INFO  org.webgme.guest.rcmodel.RCModel - waiting to receive SimTime...
00:23:51.976 [org.webgme.guest.rcmodel.RCModel.main()] INFO  org.webgme.guest.rcmodel.RCModel - waiting to receive SimTime...
00:23:52.984 [org.webgme.guest.rcmodel.RCModel.main()] INFO  org.webgme.guest.rcmodel.RCModel - waiting to receive SimTime...
00:23:53.992 [org.webgme.guest.rcmodel.RCModel.main()] INFO  org.webgme.guest.rcmodel.RCModel - waiting to receive SimTime...
00:23:55.003 [org.webgme.guest.rcmodel.RCModel.main()] INFO  org.webgme.guest.rcmodel.RCModel - waiting to receive SimTime...
00:23:56.016 [org.webgme.guest.rcmodel.RCModel.main()] INFO  org.webgme.guest.rcmodel.RCModel - waiting to receive SimTime...
00:23:57.026 [org.webgme.guest.rcmodel.RCModel.main()] INFO  org.webgme.guest.rcmodel.RCModel - waiting to receive SimTime...
00:23:58.040 [org.webgme.guest.rcmodel.RCModel.main()] INFO  org.webgme.guest.rcmodel.RCModel - waiting to receive SimTime...
00:23:59.049 [org.webgme.guest.rcmodel.RCModel.main()] INFO  org.webgme.guest.rcmodel.RCModel - waiting to receive SimTime...
00:24:00.059 [org.webgme.guest.rcmodel.RCModel.main()] INFO  org.webgme.guest.rcmodel.RCModel - waiting to receive SimTime...
00:24:01.068 [org.webgme.guest.rcmodel.RCModel.main()] INFO  org.webgme.guest.rcmodel.RCModel - waiting to receive SimTime...
00:24:02.074 [org.webgme.guest.rcmodel.RCModel.main()] INFO  org.webgme.guest.rcmodel.RCModel - waiting to receive SimTime...
00:24:03.082 [org.webgme.guest.rcmodel.RCModel.main()] INFO  org.webgme.guest.rcmodel.RCModel - waiting to receive SimTime...
00:24:04.089 [org.webgme.guest.rcmodel.RCModel.main()] INFO  org.webgme.guest.rcmodel.RCModel - waiting to receive SimTime...
00:24:05.096 [org.webgme.guest.rcmodel.RCModel.main()] INFO  org.webgme.guest.rcmodel.RCModel - waiting to receive SimTime...
00:24:06.104 [org.webgme.guest.rcmodel.RCModel.main()] INFO  org.webgme.guest.rcmodel.RCModel - waiting to receive SimTime...
00:24:07.113 [org.webgme.guest.rcmodel.RCModel.main()] INFO  org.webgme.guest.rcmodel.RCModel - waiting to receive SimTime...
00:24:08.122 [org.webgme.guest.rcmodel.RCModel.main()] INFO  org.webgme.guest.rcmodel.RCModel - waiting to receive SimTime...
00:24:09.130 [org.webgme.guest.rcmodel.RCModel.main()] INFO  org.webgme.guest.rcmodel.RCModel - waiting to receive SimTime...
00:24:10.138 [org.webgme.guest.rcmodel.RCModel.main()] INFO  org.webgme.guest.rcmodel.RCModel - waiting to receive SimTime...
00:24:11.146 [org.webgme.guest.rcmodel.RCModel.main()] INFO  org.webgme.guest.rcmodel.RCModel - waiting to receive SimTime...
00:24:12.155 [org.webgme.guest.rcmodel.RCModel.main()] INFO  org.webgme.guest.rcmodel.RCModel - waiting to receive SimTime...
00:24:13.163 [org.webgme.guest.rcmodel.RCModel.main()] INFO  org.webgme.guest.rcmodel.RCModel - waiting to receive SimTime...
00:24:14.171 [org.webgme.guest.rcmodel.RCModel.main()] INFO  org.webgme.guest.rcmodel.RCModel - waiting to receive SimTime...
00:24:15.179 [org.webgme.guest.rcmodel.RCModel.main()] INFO  org.webgme.guest.rcmodel.RCModel - waiting to receive SimTime...
00:24:16.191 [org.webgme.guest.rcmodel.RCModel.main()] INFO  org.webgme.guest.rcmodel.RCModel - waiting to receive SimTime...
00:24:17.196 [org.webgme.guest.rcmodel.RCModel.main()] INFO  org.webgme.guest.rcmodel.RCModel - waiting to receive SimTime...
00:24:18.206 [org.webgme.guest.rcmodel.RCModel.main()] INFO  org.webgme.guest.rcmodel.RCModel - waiting to receive SimTime...
00:24:19.214 [org.webgme.guest.rcmodel.RCModel.main()] INFO  org.webgme.guest.rcmodel.RCModel - waiting to receive SimTime...
00:24:20.222 [org.webgme.guest.rcmodel.RCModel.main()] INFO  org.webgme.guest.rcmodel.RCModel - waiting to receive SimTime...
00:24:21.229 [org.webgme.guest.rcmodel.RCModel.main()] INFO  org.webgme.guest.rcmodel.RCModel - waiting to receive SimTime...
00:24:22.237 [org.webgme.guest.rcmodel.RCModel.main()] INFO  org.webgme.guest.rcmodel.RCModel - waiting to receive SimTime...
00:24:23.244 [org.webgme.guest.rcmodel.RCModel.main()] INFO  org.webgme.guest.rcmodel.RCModel - waiting to receive SimTime...
00:24:24.253 [org.webgme.guest.rcmodel.RCModel.main()] INFO  org.webgme.guest.rcmodel.RCModel - waiting to receive SimTime...
00:24:25.260 [org.webgme.guest.rcmodel.RCModel.main()] INFO  org.webgme.guest.rcmodel.RCModel - waiting to receive SimTime...
00:24:26.271 [org.webgme.guest.rcmodel.RCModel.main()] INFO  org.webgme.guest.rcmodel.RCModel - waiting to receive SimTime...
00:24:27.279 [org.webgme.guest.rcmodel.RCModel.main()] INFO  org.webgme.guest.rcmodel.RCModel - waiting to receive SimTime...
00:24:28.294 [org.webgme.guest.rcmodel.RCModel.main()] INFO  org.webgme.guest.rcmodel.RCModel - waiting to receive SimTime...
00:24:29.304 [org.webgme.guest.rcmodel.RCModel.main()] INFO  org.webgme.guest.rcmodel.RCModel - waiting to receive SimTime...
00:24:30.311 [org.webgme.guest.rcmodel.RCModel.main()] INFO  org.webgme.guest.rcmodel.RCModel - waiting to receive SimTime...
00:24:31.323 [org.webgme.guest.rcmodel.RCModel.main()] INFO  org.webgme.guest.rcmodel.RCModel - waiting to receive SimTime...
00:24:32.334 [org.webgme.guest.rcmodel.RCModel.main()] INFO  org.webgme.guest.rcmodel.RCModel - waiting to receive SimTime...
00:24:33.340 [org.webgme.guest.rcmodel.RCModel.main()] INFO  org.webgme.guest.rcmodel.RCModel - waiting to receive SimTime...
00:24:34.350 [org.webgme.guest.rcmodel.RCModel.main()] INFO  org.webgme.guest.rcmodel.RCModel - waiting to receive SimTime...
00:24:35.358 [org.webgme.guest.rcmodel.RCModel.main()] INFO  org.webgme.guest.rcmodel.RCModel - waiting to receive SimTime...
00:24:36.366 [org.webgme.guest.rcmodel.RCModel.main()] INFO  org.webgme.guest.rcmodel.RCModel - waiting to receive SimTime...
00:24:37.376 [org.webgme.guest.rcmodel.RCModel.main()] INFO  org.webgme.guest.rcmodel.RCModel - waiting to receive SimTime...
00:24:38.382 [org.webgme.guest.rcmodel.RCModel.main()] INFO  org.webgme.guest.rcmodel.RCModel - waiting to receive SimTime...
00:24:39.389 [org.webgme.guest.rcmodel.RCModel.main()] INFO  org.webgme.guest.rcmodel.RCModel - waiting to receive SimTime...
00:24:40.398 [org.webgme.guest.rcmodel.RCModel.main()] INFO  org.webgme.guest.rcmodel.RCModel - waiting to receive SimTime...
00:24:41.408 [org.webgme.guest.rcmodel.RCModel.main()] INFO  org.webgme.guest.rcmodel.RCModel - waiting to receive SimTime...
00:24:42.416 [org.webgme.guest.rcmodel.RCModel.main()] INFO  org.webgme.guest.rcmodel.RCModel - waiting to receive SimTime...
00:24:43.427 [org.webgme.guest.rcmodel.RCModel.main()] INFO  org.webgme.guest.rcmodel.RCModel - waiting to receive SimTime...
00:24:44.437 [org.webgme.guest.rcmodel.RCModel.main()] INFO  org.webgme.guest.rcmodel.RCModel - waiting to receive SimTime...
00:24:45.444 [org.webgme.guest.rcmodel.RCModel.main()] INFO  org.webgme.guest.rcmodel.RCModel - waiting to receive SimTime...
00:24:46.457 [org.webgme.guest.rcmodel.RCModel.main()] INFO  org.webgme.guest.rcmodel.RCModel - waiting to receive SimTime...
00:24:47.473 [org.webgme.guest.rcmodel.RCModel.main()] INFO  org.webgme.guest.rcmodel.RCModel - waiting to receive SimTime...
00:24:48.482 [org.webgme.guest.rcmodel.RCModel.main()] INFO  org.webgme.guest.rcmodel.RCModel - waiting to receive SimTime...
00:24:49.495 [org.webgme.guest.rcmodel.RCModel.main()] INFO  org.webgme.guest.rcmodel.RCModel - waiting to receive SimTime...
00:24:50.507 [org.webgme.guest.rcmodel.RCModel.main()] INFO  org.webgme.guest.rcmodel.RCModel - waiting to receive SimTime...
00:24:51.518 [org.webgme.guest.rcmodel.RCModel.main()] INFO  org.webgme.guest.rcmodel.RCModel - waiting to receive SimTime...
00:24:52.525 [org.webgme.guest.rcmodel.RCModel.main()] INFO  org.webgme.guest.rcmodel.RCModel - waiting to receive SimTime...
00:24:53.535 [org.webgme.guest.rcmodel.RCModel.main()] INFO  org.webgme.guest.rcmodel.RCModel - waiting to receive SimTime...
00:24:54.542 [org.webgme.guest.rcmodel.RCModel.main()] INFO  org.webgme.guest.rcmodel.RCModel - waiting to receive SimTime...
00:24:55.555 [org.webgme.guest.rcmodel.RCModel.main()] INFO  org.webgme.guest.rcmodel.RCModel - waiting to receive SimTime...
00:24:56.565 [org.webgme.guest.rcmodel.RCModel.main()] INFO  org.webgme.guest.rcmodel.RCModel - waiting to receive SimTime...
00:24:57.573 [org.webgme.guest.rcmodel.RCModel.main()] INFO  org.webgme.guest.rcmodel.RCModel - waiting to receive SimTime...
00:24:58.581 [org.webgme.guest.rcmodel.RCModel.main()] INFO  org.webgme.guest.rcmodel.RCModel - waiting to receive SimTime...
00:24:59.589 [org.webgme.guest.rcmodel.RCModel.main()] INFO  org.webgme.guest.rcmodel.RCModel - waiting to receive SimTime...
00:25:00.599 [org.webgme.guest.rcmodel.RCModel.main()] INFO  org.webgme.guest.rcmodel.RCModel - waiting to receive SimTime...
00:25:01.607 [org.webgme.guest.rcmodel.RCModel.main()] INFO  org.webgme.guest.rcmodel.RCModel - waiting to receive SimTime...
00:25:02.613 [org.webgme.guest.rcmodel.RCModel.main()] INFO  org.webgme.guest.rcmodel.RCModel - waiting to receive SimTime...
00:25:03.619 [org.webgme.guest.rcmodel.RCModel.main()] INFO  org.webgme.guest.rcmodel.RCModel - waiting to receive SimTime...
00:25:04.625 [org.webgme.guest.rcmodel.RCModel.main()] INFO  org.webgme.guest.rcmodel.RCModel - waiting to receive SimTime...
00:25:05.633 [org.webgme.guest.rcmodel.RCModel.main()] INFO  org.webgme.guest.rcmodel.RCModel - waiting to receive SimTime...
00:25:06.641 [org.webgme.guest.rcmodel.RCModel.main()] INFO  org.webgme.guest.rcmodel.RCModel - waiting to receive SimTime...
00:25:07.649 [org.webgme.guest.rcmodel.RCModel.main()] INFO  org.webgme.guest.rcmodel.RCModel - waiting to receive SimTime...
00:25:08.661 [org.webgme.guest.rcmodel.RCModel.main()] INFO  org.webgme.guest.rcmodel.RCModel - waiting to receive SimTime...
00:25:09.667 [org.webgme.guest.rcmodel.RCModel.main()] INFO  org.webgme.guest.rcmodel.RCModel - waiting to receive SimTime...
00:25:10.673 [org.webgme.guest.rcmodel.RCModel.main()] INFO  org.webgme.guest.rcmodel.RCModel - waiting to receive SimTime...
00:25:11.680 [org.webgme.guest.rcmodel.RCModel.main()] INFO  org.webgme.guest.rcmodel.RCModel - waiting to receive SimTime...
