[INFO] Scanning for projects...
[INFO]                                                                         
[INFO] ------------------------------------------------------------------------
[INFO] Building SimpleOptimizerV3_exec 0.1.0-SNAPSHOT
[INFO] ------------------------------------------------------------------------
[INFO] 
[INFO] --- exec-maven-plugin:1.5.0:java (default-cli) @ SimpleOptimizerV3_exec ---

-------------------------------------------------------------------
GMS: address=vagrant-60662, cluster=SimpleOptimizerV31, physical address=172.16.119.10:54914
-------------------------------------------------------------------
00:23:29.484 [org.webgme.guest.simplecontroller.SimpleController.main()] INFO  org.webgme.guest.simplecontroller.SimpleController - waiting on readyToPopulate...
00:23:29.741 [org.webgme.guest.simplecontroller.SimpleController.main()] INFO  org.webgme.guest.simplecontroller.SimpleController - ...synchronized on readyToPopulate
00:23:29.743 [org.webgme.guest.simplecontroller.SimpleController.main()] INFO  org.webgme.guest.simplecontroller.SimpleController - waiting on readyToRun...
00:23:29.999 [org.webgme.guest.simplecontroller.SimpleController.main()] INFO  org.webgme.guest.simplecontroller.SimpleController - ...synchronized on readyToRun
00:23:30.016 [org.webgme.guest.simplecontroller.SimpleController.main()] INFO  org.webgme.guest.simplecontroller.SimpleController - started logical time progression
00:23:30.019 [org.webgme.guest.simplecontroller.SimpleController.main()] INFO  org.webgme.guest.simplecontroller.SimpleController - waiting to receive SimTime...
holder received as: 3,2
Received random numbers as3, 2
00:23:30.035 [org.webgme.guest.simplecontroller.SimpleController.main()] INFO  org.webgme.guest.simplecontroller.SimpleController - Received random numbers as 3, 2
Here is the result
null
null
0.0
null
00:23:30.075 [org.webgme.guest.simplecontroller.SimpleController.main()] INFO  org.webgme.guest.simplecontroller.SimpleController - Sent sendModel interaction with null
00:23:30.076 [org.webgme.guest.simplecontroller.SimpleController.main()] ERROR org.cpswt.hla.InteractionRoot - could not send interaction
java.lang.NullPointerException: null
	at org.cpswt.hla.InteractionRoot.createSuppliedDatamembers(InteractionRoot.java:1045) ~[RCModel-0.1.0-SNAPSHOT.jar:?]
	at org.cpswt.hla.InteractionRoot.sendInteraction(InteractionRoot.java:1081) [RCModel-0.1.0-SNAPSHOT.jar:?]
	at org.webgme.guest.simplecontroller.SimpleController.execute(SimpleController.java:142) [SimpleController-0.1.0-SNAPSHOT.jar:?]
	at org.webgme.guest.simplecontroller.SimpleController.main(SimpleController.java:192) [SimpleController-0.1.0-SNAPSHOT.jar:?]
	at sun.reflect.NativeMethodAccessorImpl.invoke0(Native Method) ~[?:1.8.0_181]
	at sun.reflect.NativeMethodAccessorImpl.invoke(NativeMethodAccessorImpl.java:62) ~[?:1.8.0_181]
	at sun.reflect.DelegatingMethodAccessorImpl.invoke(DelegatingMethodAccessorImpl.java:43) ~[?:1.8.0_181]
	at java.lang.reflect.Method.invoke(Method.java:498) ~[?:1.8.0_181]
	at org.codehaus.mojo.exec.ExecJavaMojo$1.run(ExecJavaMojo.java:294) [exec-maven-plugin-1.5.0.jar:?]
	at java.lang.Thread.run(Thread.java:748) [?:1.8.0_181]
